<?xml version="1.0" encoding="UTF-8"?>
<!-- Generated by org.testng.reporters.JUnitXMLReporter -->
<testsuite ignored="0" hostname="DESKTOP-M3B437L" failures="0" tests="10" name="Surefire test" time="19.267" errors="0" timestamp="2024-05-18T11:27:43 IST">
  <testcase classname="api.test.DDuserTests" name="testpostUserwithDataProviders" time="4.08"/>
  <testcase classname="api.test.DDuserTests" name="testpostUserwithDataProviders" time="1.142"/>
  <testcase classname="api.test.DDuserTests" name="testpostUserwithDataProviders" time="1.205"/>
  <testcase classname="api.test.DDuserTests" name="testGetUserWithDD" time="1.22"/>
  <testcase classname="api.test.DDuserTests" name="testGetUserWithDD" time="1.141"/>
  <testcase classname="api.test.DDuserTests" name="testGetUserWithDD" time="1.109"/>
  <testcase classname="api.test.userTests" name="testPostUser" time="1.503"/>
  <testcase classname="api.test.userTests" name="testReadUser" time="1.142"/>
  <testcase classname="api.test.userTests" name="testUpdateUser" time="2.297"/>
  <testcase classname="api.test.userTests" name="testDeleteUser" time="1.13"/>
</testsuite> <!-- Surefire test -->
