<?xml version="1.0" encoding="UTF-8"?>
<!-- Generated by org.testng.reporters.JUnitXMLReporter -->
<testsuite ignored="2" hostname="DESKTOP-M3B437L" failures="0" tests="1" name="Default test" time="1.049" errors="0" timestamp="2024-05-19T01:42:27 IST">
  <testcase classname="api.test.CookiesDemo" name="getCookies" time="1.003"/>
  <testcase classname="api.test.CookiesDemo" name="getCookies3" time="0.0">
    <ignored/>
  </testcase> <!-- getCookies3 -->
  <testcase classname="api.test.CookiesDemo" name="getCookies2" time="0.0">
    <ignored/>
  </testcase> <!-- getCookies2 -->
</testsuite> <!-- Default test -->
