<?xml version="1.0" encoding="UTF-8"?>
<!-- Generated by org.testng.reporters.JUnitXMLReporter -->
<testsuite ignored="1" hostname="DESKTOP-M3B437L" failures="0" tests="3" name="Default test" time="3.181" errors="0" timestamp="2024-05-18T18:07:50 IST">
  <testcase classname="api.test.DifferentWaystoPostRequest" name="postUser" time="1.789"/>
  <testcase classname="api.test.DifferentWaystoPostRequest" name="postUser2" time="0.937"/>
  <testcase classname="api.test.DifferentWaystoPostRequest" name="postUser3" time="0.404"/>
  <testcase classname="api.test.DifferentWaystoPostRequest" name="postUser4" time="0.0">
    <ignored/>
  </testcase> <!-- postUser4 -->
</testsuite> <!-- Default test -->
