<?xml version="1.0" encoding="UTF-8"?>
<!-- Generated by org.testng.reporters.JUnitXMLReporter -->
<testsuite ignored="0" hostname="DESKTOP-M3B437L" failures="0" tests="4" name="Default test" time="7.419" errors="0" timestamp="2024-05-18T11:19:57 IST">
  <testcase classname="api.test.userTests" name="testPostUser" time="2.668"/>
  <testcase classname="api.test.userTests" name="testReadUser" time="1.123"/>
  <testcase classname="api.test.userTests" name="testUpdateUser" time="2.251"/>
  <testcase classname="api.test.userTests" name="testDeleteUser" time="1.172"/>
</testsuite> <!-- Default test -->
