<?xml version="1.0" encoding="UTF-8"?>
<!-- Generated by org.testng.reporters.JUnitXMLReporter -->
<testsuite ignored="0" hostname="DESKTOP-M3B437L" failures="0" tests="8" name="Test" time="14.25" errors="0" timestamp="2024-05-18T14:23:33 IST">
  <testcase classname="api.test.userTests" name="testPostUser" time="3.468"/>
  <testcase classname="api.test.userTests" name="testReadUser" time="1.104"/>
  <testcase classname="api.test.userTests" name="testUpdateUser" time="2.426"/>
  <testcase classname="api.test.userTests" name="testDeleteUser" time="1.144"/>
  <testcase classname="api.test.userTests2" name="testPostUser" time="1.089"/>
  <testcase classname="api.test.userTests2" name="testReadUser" time="1.167"/>
  <testcase classname="api.test.userTests2" name="testUpdateUser" time="2.223"/>
  <testcase classname="api.test.userTests2" name="testDeleteUser" time="1.147"/>
</testsuite> <!-- Test -->
