<?xml version="1.0" encoding="UTF-8"?>
<!-- Generated by org.testng.reporters.JUnitXMLReporter -->
<testsuite ignored="0" hostname="DESKTOP-M3B437L" failures="0" tests="4" name="Test" time="6.207" errors="0" timestamp="2024-05-23T22:06:28 IST">
  <testcase classname="api.test.CreateUser" name="createUser" time="2.878"/>
  <testcase classname="api.test.GetUser" name="getUser" time="0.927"/>
  <testcase classname="api.test.UpdateUser" name="UpdateUser" time="1.095"/>
  <testcase classname="api.test.DeleteUser" name="delUser" time="1.06"/>
</testsuite> <!-- Test -->
