<?xml version="1.0" encoding="UTF-8"?>
<!-- Generated by org.testng.reporters.JUnitXMLReporter -->
<testsuite ignored="0" hostname="DESKTOP-M3B437L" failures="0" tests="26" name="Test" time="23.504" errors="0" timestamp="2024-05-19T01:54:41 IST">
  <testcase classname="api.test.userTests" name="testPostUser" time="2.587"/>
  <testcase classname="api.test.userTests" name="testReadUser" time="1.129"/>
  <testcase classname="api.test.userTests" name="testUpdateUser" time="2.225"/>
  <testcase classname="api.test.userTests" name="testDeleteUser" time="1.139"/>
  <testcase classname="api.test.userTests2" name="testPostUser" time="1.179"/>
  <testcase classname="api.test.userTests2" name="testReadUser" time="1.104"/>
  <testcase classname="api.test.userTests2" name="testUpdateUser" time="2.283"/>
  <testcase classname="api.test.userTests2" name="testDeleteUser" time="1.124"/>
  <testcase classname="api.test.DDuserTests" name="testpostUserwithDataProviders" time="1.125"/>
  <testcase classname="api.test.DDuserTests" name="testpostUserwithDataProviders" time="1.078"/>
  <testcase classname="api.test.DDuserTests" name="testpostUserwithDataProviders" time="1.083"/>
  <testcase classname="api.test.DDuserTests" name="testGetUserWithDD" time="1.115"/>
  <testcase classname="api.test.DDuserTests" name="testGetUserWithDD" time="1.129"/>
  <testcase classname="api.test.DDuserTests" name="testGetUserWithDD" time="1.118"/>
  <testcase classname="api.test.DifferentWaystoPostRequest" name="postUser" time="0.412"/>
  <testcase classname="api.test.DifferentWaystoPostRequest" name="postUser2" time="0.858"/>
  <testcase classname="api.test.DifferentWaystoPostRequest" name="postUser3" time="0.345"/>
  <testcase classname="api.test.DifferentWaystoPostRequest" name="postUser4" time="0.364"/>
  <testcase classname="api.test.CookiesDemo" name="getCookies" time="0.019"/>
  <testcase classname="api.test.CookiesDemo" name="getCookies2" time="0.008"/>
  <testcase classname="api.test.CookiesDemo" name="getCookies3" time="0.008"/>
  <testcase classname="api.test.HeadersDemo" name="getHeader2" time="0.06"/>
  <testcase classname="api.test.HeadersDemo" name="getHeaders" time="0.05"/>
  <testcase classname="api.test.HeadersDemo" name="getHeaders3" time="0.04"/>
  <testcase classname="api.test.DiffWaysToQueryAndPathParameters" name="QueryAndPathParams" time="0.05"/>
  <testcase classname="api.test.DiffWaysToQueryAndPathParameters" name="QueryAndPathParams2" time="0.043"/>
</testsuite> <!-- Test -->
