<?xml version="1.0" encoding="UTF-8"?>
<!-- Generated by org.testng.reporters.JUnitXMLReporter -->
<testsuite ignored="0" hostname="DESKTOP-M3B437L" failures="0" tests="8" name="Test" time="14.662" errors="0" timestamp="2024-05-18T11:40:15 IST">
  <testcase classname="api.test.userTests" name="testPostUser" time="3.945"/>
  <testcase classname="api.test.userTests" name="testReadUser" time="1.219"/>
  <testcase classname="api.test.userTests" name="testUpdateUser" time="2.265"/>
  <testcase classname="api.test.userTests" name="testDeleteUser" time="1.125"/>
  <testcase classname="api.test.userTests2" name="testPostUser" time="1.079"/>
  <testcase classname="api.test.userTests2" name="testReadUser" time="1.109"/>
  <testcase classname="api.test.userTests2" name="testUpdateUser" time="2.343"/>
  <testcase classname="api.test.userTests2" name="testDeleteUser" time="1.125"/>
</testsuite> <!-- Test -->
