<?xml version="1.0" encoding="UTF-8"?>
<!-- Generated by org.testng.reporters.JUnitXMLReporter -->
<testsuite ignored="3" hostname="DESKTOP-M3B437L" failures="0" tests="1" name="Test(failed)" time="5.298" errors="0" timestamp="2024-05-16T00:03:46 IST">
  <testcase classname="api.test.userTests" name="testUpdateUser" time="4.868"/>
  <testcase classname="api.test.userTests" name="testDeleteUser" time="0.0">
    <ignored/>
  </testcase> <!-- testDeleteUser -->
  <testcase classname="api.test.userTests" name="testPostUser" time="0.0">
    <ignored/>
  </testcase> <!-- testPostUser -->
  <testcase classname="api.test.userTests" name="testReadUser" time="0.0">
    <ignored/>
  </testcase> <!-- testReadUser -->
</testsuite> <!-- Test(failed) -->
