<?xml version="1.0" encoding="UTF-8"?>
<testsuite xmlns:xsi="http://www.w3.org/2001/XMLSchema-instance" xsi:noNamespaceSchemaLocation="https://maven.apache.org/surefire/maven-surefire-plugin/xsd/surefire-test-report-3.0.xsd" version="3.0" name="TestSuite" time="24.277" tests="26" errors="0" skipped="0" failures="0">
  <properties>
[...]
</properties>
  <testcase name="testPostUser" classname="api.test.userTests" time="2.595">
    <system-out><![CDATA[HTTP/1.1 200 OK
Date: Sat, 18 May 2024 20:24:20 GMT
Content-Type: application/json
Transfer-Encoding: chunked
Connection: keep-alive
Access-Control-Allow-Origin: *
Access-Control-Allow-Methods: GET, POST, DELETE, PUT
Access-Control-Allow-Headers: Content-Type, api_key, Authorization
Server: Jetty(9.2.9.v20150224)

{
    "code": 200,
    "type": "unknown",
    "message": "1872973138"
}
]]></system-out>
    <system-err><![CDATA[SLF4J(W): No SLF4J providers were found.
SLF4J(W): Defaulting to no-operation (NOP) logger implementation
SLF4J(W): See https://www.slf4j.org/codes.html#noProviders for further details.
]]></system-err>
  </testcase>
  <testcase name="testReadUser" classname="api.test.userTests" time="1.129">
    <system-out><![CDATA[HTTP/1.1 200 OK
Date: Sat, 18 May 2024 20:24:21 GMT
Content-Type: application/json
Transfer-Encoding: chunked
Connection: keep-alive
Access-Control-Allow-Origin: *
Access-Control-Allow-Methods: GET, POST, DELETE, PUT
Access-Control-Allow-Headers: Content-Type, api_key, Authorization
Server: Jetty(9.2.9.v20150224)

{
    "id": 1872973138,
    "username": "shaun.goldner",
    "firstName": "Shayne",
    "lastName": "Hermiston",
    "email": "guillermo.dooley@example.com",
    "password": "8xuj6on",
    "phone": "(130) 962-0574",
    "userStatus": 0
}
]]></system-out>
  </testcase>
  <testcase name="testUpdateUser" classname="api.test.userTests" time="2.225">
    <system-out><![CDATA[{
    "code": 200,
    "type": "unknown",
    "message": "1872973138"
}
]]></system-out>
  </testcase>
  <testcase name="testDeleteUser" classname="api.test.userTests" time="1.14">
    <system-out><![CDATA[HTTP/1.1 200 OK
Date: Sat, 18 May 2024 20:24:24 GMT
Content-Type: application/json
Transfer-Encoding: chunked
Connection: keep-alive
Access-Control-Allow-Origin: *
Access-Control-Allow-Methods: GET, POST, DELETE, PUT
Access-Control-Allow-Headers: Content-Type, api_key, Authorization
Server: Jetty(9.2.9.v20150224)

{
    "code": 200,
    "type": "unknown",
    "message": "shaun.goldner"
}
]]></system-out>
  </testcase>
  <testcase name="testPostUser" classname="api.test.userTests2" time="1.18">
    <system-out><![CDATA[HTTP/1.1 200 OK
Date: Sat, 18 May 2024 20:24:25 GMT
Content-Type: application/json
Transfer-Encoding: chunked
Connection: keep-alive
Access-Control-Allow-Origin: *
Access-Control-Allow-Methods: GET, POST, DELETE, PUT
Access-Control-Allow-Headers: Content-Type, api_key, Authorization
Server: Jetty(9.2.9.v20150224)

{
    "code": 200,
    "type": "unknown",
    "message": "1504966484"
}
]]></system-out>
  </testcase>
  <testcase name="testReadUser" classname="api.test.userTests2" time="1.105">
    <system-out><![CDATA[HTTP/1.1 200 OK
Date: Sat, 18 May 2024 20:24:26 GMT
Content-Type: application/json
Transfer-Encoding: chunked
Connection: keep-alive
Access-Control-Allow-Origin: *
Access-Control-Allow-Methods: GET, POST, DELETE, PUT
Access-Control-Allow-Headers: Content-Type, api_key, Authorization
Server: Jetty(9.2.9.v20150224)

{
    "id": 1504966484,
    "username": "jackson.hegmann",
    "firstName": "Cher",
    "lastName": "Considine",
    "email": "janis.donnelly@example.com",
    "password": "sfpqia5q",
    "phone": "(534) 227-0696",
    "userStatus": 0
}
]]></system-out>
  </testcase>
  <testcase name="testUpdateUser" classname="api.test.userTests2" time="2.281">
    <system-out><![CDATA[{
    "code": 200,
    "type": "unknown",
    "message": "1504966484"
}
]]></system-out>
  </testcase>
  <testcase name="testDeleteUser" classname="api.test.userTests2" time="1.125">
    <system-out><![CDATA[HTTP/1.1 200 OK
Date: Sat, 18 May 2024 20:24:30 GMT
Content-Type: application/json
Transfer-Encoding: chunked
Connection: keep-alive
Access-Control-Allow-Origin: *
Access-Control-Allow-Methods: GET, POST, DELETE, PUT
Access-Control-Allow-Headers: Content-Type, api_key, Authorization
Server: Jetty(9.2.9.v20150224)

{
    "code": 200,
    "type": "unknown",
    "message": "jackson.hegmann"
}
]]></system-out>
  </testcase>
  <testcase name="testpostUserwithDataProviders[1010, testuser1, John, Canedy, a@gmail.com, test@1, 1234567897](1)" classname="api.test.DDuserTests" time="1.126">
    <system-out><![CDATA[HTTP/1.1 200 OK
Date: Sat, 18 May 2024 20:24:32 GMT
Content-Type: application/json
Transfer-Encoding: chunked
Connection: keep-alive
Access-Control-Allow-Origin: *
Access-Control-Allow-Methods: GET, POST, DELETE, PUT
Access-Control-Allow-Headers: Content-Type, api_key, Authorization
Server: Jetty(9.2.9.v20150224)

{
    "code": 200,
    "type": "unknown",
    "message": "1010"
}
]]></system-out>
  </testcase>
  <testcase name="testpostUserwithDataProviders[1020, testuser2, Kim, Kom, b@gmail.com, test@2, 1234567897](2)" classname="api.test.DDuserTests" time="1.077">
    <system-out><![CDATA[HTTP/1.1 200 OK
Date: Sat, 18 May 2024 20:24:33 GMT
Content-Type: application/json
Transfer-Encoding: chunked
Connection: keep-alive
Access-Control-Allow-Origin: *
Access-Control-Allow-Methods: GET, POST, DELETE, PUT
Access-Control-Allow-Headers: Content-Type, api_key, Authorization
Server: Jetty(9.2.9.v20150224)

{
    "code": 200,
    "type": "unknown",
    "message": "1020"
}
]]></system-out>
  </testcase>
  <testcase name="testpostUserwithDataProviders[1030, testuser3, Smith, Steve, c@gmail.com, test@3, 1234567897](3)" classname="api.test.DDuserTests" time="1.083">
    <system-out><![CDATA[HTTP/1.1 200 OK
Date: Sat, 18 May 2024 20:24:34 GMT
Content-Type: application/json
Transfer-Encoding: chunked
Connection: keep-alive
Access-Control-Allow-Origin: *
Access-Control-Allow-Methods: GET, POST, DELETE, PUT
Access-Control-Allow-Headers: Content-Type, api_key, Authorization
Server: Jetty(9.2.9.v20150224)

{
    "code": 200,
    "type": "unknown",
    "message": "1030"
}
]]></system-out>
  </testcase>
  <testcase name="testGetUserWithDD[testuser1](1)" classname="api.test.DDuserTests" time="1.117">
    <system-out><![CDATA[HTTP/1.1 200 OK
Date: Sat, 18 May 2024 20:24:36 GMT
Content-Type: application/json
Transfer-Encoding: chunked
Connection: keep-alive
Access-Control-Allow-Origin: *
Access-Control-Allow-Methods: GET, POST, DELETE, PUT
Access-Control-Allow-Headers: Content-Type, api_key, Authorization
Server: Jetty(9.2.9.v20150224)

{
    "id": 1010,
    "username": "testuser1",
    "firstName": "John",
    "lastName": "test@1",
    "email": "a@gmail.com",
    "phone": "test@1",
    "userStatus": 0
}
]]></system-out>
  </testcase>
  <testcase name="testGetUserWithDD[testuser2](2)" classname="api.test.DDuserTests" time="1.129">
    <system-out><![CDATA[HTTP/1.1 200 OK
Date: Sat, 18 May 2024 20:24:37 GMT
Content-Type: application/json
Transfer-Encoding: chunked
Connection: keep-alive
Access-Control-Allow-Origin: *
Access-Control-Allow-Methods: GET, POST, DELETE, PUT
Access-Control-Allow-Headers: Content-Type, api_key, Authorization
Server: Jetty(9.2.9.v20150224)

{
    "id": 1020,
    "username": "testuser2",
    "firstName": "Kim",
    "lastName": "test@2",
    "email": "b@gmail.com",
    "phone": "test@2",
    "userStatus": 0
}
]]></system-out>
  </testcase>
  <testcase name="testGetUserWithDD[testuser3](3)" classname="api.test.DDuserTests" time="1.118">
    <system-out><![CDATA[HTTP/1.1 200 OK
Date: Sat, 18 May 2024 20:24:38 GMT
Content-Type: application/json
Transfer-Encoding: chunked
Connection: keep-alive
Access-Control-Allow-Origin: *
Access-Control-Allow-Methods: GET, POST, DELETE, PUT
Access-Control-Allow-Headers: Content-Type, api_key, Authorization
Server: Jetty(9.2.9.v20150224)

{
    "id": 1030,
    "username": "testuser3",
    "firstName": "Smith",
    "lastName": "test@3",
    "email": "c@gmail.com",
    "phone": "test@3",
    "userStatus": 0
}
]]></system-out>
  </testcase>
  <testcase name="postUser" classname="api.test.DifferentWaystoPostRequest" time="0.415">
    <system-out><![CDATA[HTTP/1.1 201 Created
Date: Sat, 18 May 2024 20:24:38 GMT
Content-Type: application/json; charset=utf-8
Content-Length: 79
Connection: keep-alive
Report-To: {"group":"heroku-nel","max_age":3600,"endpoints":[{"url":"https://nel.heroku.com/reports?ts=1716063878&sid=c4c9725f-1ab0-44d8-820f-430df2718e11&s=ialFhoRBKI5r8HI3ghUCZTeBtHBw4QPYHhjx1CzjhFY%3D"}]}
Reporting-Endpoints: heroku-nel=https://nel.heroku.com/reports?ts=1716063878&sid=c4c9725f-1ab0-44d8-820f-430df2718e11&s=ialFhoRBKI5r8HI3ghUCZTeBtHBw4QPYHhjx1CzjhFY%3D
Nel: {"report_to":"heroku-nel","max_age":3600,"success_fraction":0.005,"failure_fraction":0.05,"response_headers":["Via"]}
X-Powered-By: Express
Access-Control-Allow-Origin: *
Etag: W/"4f-lGOv4bUYi/eUTv5Tz8N6cFADyPE"
Via: 1.1 vegur
CF-Cache-Status: DYNAMIC
Server: cloudflare
CF-RAY: 885e9268dc3779db-HYD

{
    "name": "Prasad",
    "job": "SDET",
    "id": "65",
    "createdAt": "2024-05-18T20:24:38.772Z"
}
]]></system-out>
  </testcase>
  <testcase name="postUser2" classname="api.test.DifferentWaystoPostRequest" time="0.856"/>
  <testcase name="postUser3" classname="api.test.DifferentWaystoPostRequest" time="0.348">
    <system-out><![CDATA[HTTP/1.1 201 Created
Date: Sat, 18 May 2024 20:24:40 GMT
Content-Type: application/json; charset=utf-8
Content-Length: 81
Connection: keep-alive
Report-To: {"group":"heroku-nel","max_age":3600,"endpoints":[{"url":"https://nel.heroku.com/reports?ts=1716063879&sid=c4c9725f-1ab0-44d8-820f-430df2718e11&s=YBQpTgXB4p2Bv4HLobU18gBI6iFVVVuK35qUoBEsD1c%3D"}]}
Reporting-Endpoints: heroku-nel=https://nel.heroku.com/reports?ts=1716063879&sid=c4c9725f-1ab0-44d8-820f-430df2718e11&s=YBQpTgXB4p2Bv4HLobU18gBI6iFVVVuK35qUoBEsD1c%3D
Nel: {"report_to":"heroku-nel","max_age":3600,"success_fraction":0.005,"failure_fraction":0.05,"response_headers":["Via"]}
X-Powered-By: Express
Access-Control-Allow-Origin: *
Etag: W/"51-sOYHex16qBZ/YczKzjxbL7FXub0"
Via: 1.1 vegur
CF-Cache-Status: DYNAMIC
Server: cloudflare
CF-RAY: 885e92709ca008b7-HYD

{
    "name": "Prasadu",
    "job": "SDET",
    "id": "790",
    "createdAt": "2024-05-18T20:24:39.985Z"
}
]]></system-out>
  </testcase>
  <testcase name="postUser4" classname="api.test.DifferentWaystoPostRequest" time="0.366">
    <system-out><![CDATA[HTTP/1.1 201 Created
Date: Sat, 18 May 2024 20:24:40 GMT
Content-Type: application/json; charset=utf-8
Content-Length: 105
Connection: keep-alive
Report-To: {"group":"heroku-nel","max_age":3600,"endpoints":[{"url":"https://nel.heroku.com/reports?ts=1716063880&sid=c4c9725f-1ab0-44d8-820f-430df2718e11&s=cLa4NGH%2FeUww0Y%2FBwGFKPcgNfDaMjS%2FY9VoGFbfCbsY%3D"}]}
Reporting-Endpoints: heroku-nel=https://nel.heroku.com/reports?ts=1716063880&sid=c4c9725f-1ab0-44d8-820f-430df2718e11&s=cLa4NGH%2FeUww0Y%2FBwGFKPcgNfDaMjS%2FY9VoGFbfCbsY%3D
Nel: {"report_to":"heroku-nel","max_age":3600,"success_fraction":0.005,"failure_fraction":0.05,"response_headers":["Via"]}
X-Powered-By: Express
Access-Control-Allow-Origin: *
Etag: W/"69-lSFAOM89nDOSVn+ainEvhs2jD+s"
Via: 1.1 vegur
CF-Cache-Status: DYNAMIC
Server: cloudflare
CF-RAY: 885e9272bc7d79e0-HYD

{
    "name": "SVVDPrasadu",
    "job": "Automation Test Engineer",
    "id": "418",
    "createdAt": "2024-05-18T20:24:40.334Z"
}
]]></system-out>
  </testcase>
  <testcase name="getCookies" classname="api.test.CookiesDemo" time="0.018">
    <system-out><![CDATA[true
]]></system-out>
  </testcase>
  <testcase name="getCookies2" classname="api.test.CookiesDemo" time="0.009">
    <system-out><![CDATA[JSESSIONID.ab82ba05=node0mzakv69u8l4y18dkzd051kx9354.node0;Path=/;HttpOnly
]]></system-out>
  </testcase>
  <testcase name="getCookies3" classname="api.test.CookiesDemo" time="0.009">
    <system-out><![CDATA[JSESSIONID.ab82ba05  cookie value is node0jy994d6t82051od2kidrde7sc55.node0
cookies size in this request is 1
]]></system-out>
  </testcase>
  <testcase name="getHeader2" classname="api.test.HeadersDemo" time="0.06">
    <system-out><![CDATA[Date: Sat, 18 May 2024 20:24:40 GMT
Content-Type: application/json; charset=utf-8
Transfer-Encoding: chunked
Connection: keep-alive
Report-To: {"group":"heroku-nel","max_age":3600,"endpoints":[{"url":"https://nel.heroku.com/reports?ts=1716062165&sid=c4c9725f-1ab0-44d8-820f-430df2718e11&s=w6ijWF%2B6THDE00hVk%2FPICBnk9CJ7qajBuXyMbN25co4%3D"}]}
Reporting-Endpoints: heroku-nel=https://nel.heroku.com/reports?ts=1716062165&sid=c4c9725f-1ab0-44d8-820f-430df2718e11&s=w6ijWF%2B6THDE00hVk%2FPICBnk9CJ7qajBuXyMbN25co4%3D
Nel: {"report_to":"heroku-nel","max_age":3600,"success_fraction":0.005,"failure_fraction":0.05,"response_headers":["Via"]}
X-Powered-By: Express
Access-Control-Allow-Origin: *
Etag: W/"112-EeInfgHWtnxhYRnwgZUB667e024"
Via: 1.1 vegur
Cache-Control: max-age=14400
CF-Cache-Status: HIT
Age: 1715
Vary: Accept-Encoding
Server: cloudflare
CF-RAY: 885e92754f2e79e0-HYD
Content-Encoding: gzip
]]></system-out>
  </testcase>
  <testcase name="getHeaders" classname="api.test.HeadersDemo" time="0.048"/>
  <testcase name="getHeaders3" classname="api.test.HeadersDemo" time="0.044">
    <system-out><![CDATA[Date   Sat, 18 May 2024 20:24:40 GMT
Content-Type   application/json; charset=utf-8
Transfer-Encoding   chunked
Connection   keep-alive
Report-To   {"group":"heroku-nel","max_age":3600,"endpoints":[{"url":"https://nel.heroku.com/reports?ts=1716062165&sid=c4c9725f-1ab0-44d8-820f-430df2718e11&s=w6ijWF%2B6THDE00hVk%2FPICBnk9CJ7qajBuXyMbN25co4%3D"}]}
Reporting-Endpoints   heroku-nel=https://nel.heroku.com/reports?ts=1716062165&sid=c4c9725f-1ab0-44d8-820f-430df2718e11&s=w6ijWF%2B6THDE00hVk%2FPICBnk9CJ7qajBuXyMbN25co4%3D
Nel   {"report_to":"heroku-nel","max_age":3600,"success_fraction":0.005,"failure_fraction":0.05,"response_headers":["Via"]}
X-Powered-By   Express
Access-Control-Allow-Origin   *
Etag   W/"112-EeInfgHWtnxhYRnwgZUB667e024"
Via   1.1 vegur
Cache-Control   max-age=14400
CF-Cache-Status   HIT
Age   1715
Vary   Accept-Encoding
Server   cloudflare
CF-RAY   885e9275ea2579e7-HYD
Content-Encoding   gzip
]]></system-out>
  </testcase>
  <testcase name="QueryAndPathParams" classname="api.test.DiffWaysToQueryAndPathParameters" time="0.049">
    <system-out><![CDATA[{
    "data": {
        "id": 4,
        "email": "eve.holt@reqres.in",
        "first_name": "Eve",
        "last_name": "Holt",
        "avatar": "https://reqres.in/img/faces/4-image.jpg"
    },
    "support": {
        "url": "https://reqres.in/#support-heading",
        "text": "To keep ReqRes free, contributions towards server costs are appreciated!"
    }
}
]]></system-out>
  </testcase>
  <testcase name="QueryAndPathParams2" classname="api.test.DiffWaysToQueryAndPathParameters" time="0.044">
    <system-out><![CDATA[{
    "data": {
        "id": 4,
        "email": "eve.holt@reqres.in",
        "first_name": "Eve",
        "last_name": "Holt",
        "avatar": "https://reqres.in/img/faces/4-image.jpg"
    },
    "support": {
        "url": "https://reqres.in/#support-heading",
        "text": "To keep ReqRes free, contributions towards server costs are appreciated!"
    }
}
]]></system-out>
  </testcase>
</testsuite>