<?xml version="1.0" encoding="UTF-8"?>
<testng-results ignored="0" total="8" passed="8" failed="0" skipped="0">
  <reporter-output>
  </reporter-output>
  <suite started-at="2024-05-18T11:40:00 IST" name="Suite" finished-at="2024-05-18T11:40:15 IST" duration-ms="14662">
    <groups>
    </groups>
    <test started-at="2024-05-18T11:40:00 IST" name="Test" finished-at="2024-05-18T11:40:15 IST" duration-ms="14662">
      <class name="api.test.userTests">
        <test-method is-config="true" signature="setupData()[pri:0, instance:api.test.userTests@38d8f54a]" started-at="2024-05-18T11:40:00 IST" name="setupData" finished-at="2024-05-18T11:40:01 IST" duration-ms="172" status="PASS">
          <reporter-output>
          </reporter-output>
        </test-method> <!-- setupData -->
        <test-method signature="testPostUser()[pri:1, instance:api.test.userTests@38d8f54a]" started-at="2024-05-18T11:40:01 IST" name="testPostUser" finished-at="2024-05-18T11:40:05 IST" duration-ms="3945" status="PASS">
          <reporter-output>
          </reporter-output>
        </test-method> <!-- testPostUser -->
        <test-method signature="testReadUser()[pri:2, instance:api.test.userTests@38d8f54a]" started-at="2024-05-18T11:40:05 IST" name="testReadUser" finished-at="2024-05-18T11:40:06 IST" duration-ms="1219" status="PASS">
          <reporter-output>
          </reporter-output>
        </test-method> <!-- testReadUser -->
        <test-method signature="testUpdateUser()[pri:3, instance:api.test.userTests@38d8f54a]" started-at="2024-05-18T11:40:06 IST" name="testUpdateUser" finished-at="2024-05-18T11:40:08 IST" duration-ms="2265" status="PASS">
          <reporter-output>
          </reporter-output>
        </test-method> <!-- testUpdateUser -->
        <test-method signature="testDeleteUser()[pri:4, instance:api.test.userTests@38d8f54a]" started-at="2024-05-18T11:40:08 IST" name="testDeleteUser" finished-at="2024-05-18T11:40:09 IST" duration-ms="1125" status="PASS">
          <reporter-output>
          </reporter-output>
        </test-method> <!-- testDeleteUser -->
      </class> <!-- api.test.userTests -->
      <class name="api.test.userTests2">
        <test-method is-config="true" signature="setupData()[pri:0, instance:api.test.userTests2@689604d9]" started-at="2024-05-18T11:40:09 IST" name="setupData" finished-at="2024-05-18T11:40:09 IST" duration-ms="78" status="PASS">
          <reporter-output>
          </reporter-output>
        </test-method> <!-- setupData -->
        <test-method signature="testPostUser()[pri:1, instance:api.test.userTests2@689604d9]" started-at="2024-05-18T11:40:09 IST" name="testPostUser" finished-at="2024-05-18T11:40:10 IST" duration-ms="1079" status="PASS">
          <reporter-output>
          </reporter-output>
        </test-method> <!-- testPostUser -->
        <test-method signature="testReadUser()[pri:2, instance:api.test.userTests2@689604d9]" started-at="2024-05-18T11:40:10 IST" name="testReadUser" finished-at="2024-05-18T11:40:11 IST" duration-ms="1109" status="PASS">
          <reporter-output>
          </reporter-output>
        </test-method> <!-- testReadUser -->
        <test-method signature="testUpdateUser()[pri:3, instance:api.test.userTests2@689604d9]" started-at="2024-05-18T11:40:11 IST" name="testUpdateUser" finished-at="2024-05-18T11:40:14 IST" duration-ms="2343" status="PASS">
          <reporter-output>
          </reporter-output>
        </test-method> <!-- testUpdateUser -->
        <test-method signature="testDeleteUser()[pri:4, instance:api.test.userTests2@689604d9]" started-at="2024-05-18T11:40:14 IST" name="testDeleteUser" finished-at="2024-05-18T11:40:15 IST" duration-ms="1125" status="PASS">
          <reporter-output>
          </reporter-output>
        </test-method> <!-- testDeleteUser -->
      </class> <!-- api.test.userTests2 -->
    </test> <!-- Test -->
  </suite> <!-- Suite -->
</testng-results>
