<?xml version="1.0" encoding="UTF-8"?>
<testsuite xmlns:xsi="http://www.w3.org/2001/XMLSchema-instance" xsi:noNamespaceSchemaLocation="https://maven.apache.org/surefire/maven-surefire-plugin/xsd/surefire-test-report-3.0.xsd" version="3.0" name="TestSuite" time="15.349" tests="8" errors="0" skipped="0" failures="0">
  <properties>
[...]
</properties>
  <testcase name="testPostUser" classname="api.test.userTests" time="3.96">
    <system-out><![CDATA[HTTP/1.1 200 OK
Date: Sat, 18 May 2024 06:10:04 GMT
Content-Type: application/json
Transfer-Encoding: chunked
Connection: keep-alive
Access-Control-Allow-Origin: *
Access-Control-Allow-Methods: GET, POST, DELETE, PUT
Access-Control-Allow-Headers: Content-Type, api_key, Authorization
Server: Jetty(9.2.9.v20150224)

{
    "code": 200,
    "type": "unknown",
    "message": "1828873985"
}
]]></system-out>
    <system-err><![CDATA[SLF4J(W): No SLF4J providers were found.
SLF4J(W): Defaulting to no-operation (NOP) logger implementation
SLF4J(W): See https://www.slf4j.org/codes.html#noProviders for further details.
]]></system-err>
  </testcase>
  <testcase name="testReadUser" classname="api.test.userTests" time="1.203">
    <system-out><![CDATA[HTTP/1.1 200 OK
Date: Sat, 18 May 2024 06:10:06 GMT
Content-Type: application/json
Transfer-Encoding: chunked
Connection: keep-alive
Access-Control-Allow-Origin: *
Access-Control-Allow-Methods: GET, POST, DELETE, PUT
Access-Control-Allow-Headers: Content-Type, api_key, Authorization
Server: Jetty(9.2.9.v20150224)

{
    "id": 1828873985,
    "username": "wiley.schultz",
    "firstName": "Bernardina",
    "lastName": "Reichel",
    "email": "jeremiah.bergnaum@example.com",
    "password": "at13r74",
    "phone": "225.015.9987",
    "userStatus": 0
}
]]></system-out>
  </testcase>
  <testcase name="testUpdateUser" classname="api.test.userTests" time="2.265">
    <system-out><![CDATA[{
    "code": 200,
    "type": "unknown",
    "message": "1828873985"
}
]]></system-out>
  </testcase>
  <testcase name="testDeleteUser" classname="api.test.userTests" time="1.125">
    <system-out><![CDATA[HTTP/1.1 200 OK
Date: Sat, 18 May 2024 06:10:09 GMT
Content-Type: application/json
Transfer-Encoding: chunked
Connection: keep-alive
Access-Control-Allow-Origin: *
Access-Control-Allow-Methods: GET, POST, DELETE, PUT
Access-Control-Allow-Headers: Content-Type, api_key, Authorization
Server: Jetty(9.2.9.v20150224)

{
    "code": 200,
    "type": "unknown",
    "message": "wiley.schultz"
}
]]></system-out>
  </testcase>
  <testcase name="testPostUser" classname="api.test.userTests2" time="1.079">
    <system-out><![CDATA[HTTP/1.1 200 OK
Date: Sat, 18 May 2024 06:10:10 GMT
Content-Type: application/json
Transfer-Encoding: chunked
Connection: keep-alive
Access-Control-Allow-Origin: *
Access-Control-Allow-Methods: GET, POST, DELETE, PUT
Access-Control-Allow-Headers: Content-Type, api_key, Authorization
Server: Jetty(9.2.9.v20150224)

{
    "code": 200,
    "type": "unknown",
    "message": "1842537555"
}
]]></system-out>
  </testcase>
  <testcase name="testReadUser" classname="api.test.userTests2" time="1.109">
    <system-out><![CDATA[HTTP/1.1 200 OK
Date: Sat, 18 May 2024 06:10:11 GMT
Content-Type: application/json
Transfer-Encoding: chunked
Connection: keep-alive
Access-Control-Allow-Origin: *
Access-Control-Allow-Methods: GET, POST, DELETE, PUT
Access-Control-Allow-Headers: Content-Type, api_key, Authorization
Server: Jetty(9.2.9.v20150224)

{
    "id": 1842537555,
    "username": "kasey.shanahan",
    "firstName": "Marleen",
    "lastName": "Orn",
    "email": "margurite.armstrong@example.com",
    "password": "ix3qdv2yx",
    "phone": "(092) 761-9964",
    "userStatus": 0
}
]]></system-out>
  </testcase>
  <testcase name="testUpdateUser" classname="api.test.userTests2" time="2.343">
    <system-out><![CDATA[{
    "code": 200,
    "type": "unknown",
    "message": "1842537555"
}
]]></system-out>
  </testcase>
  <testcase name="testDeleteUser" classname="api.test.userTests2" time="1.125">
    <system-out><![CDATA[HTTP/1.1 200 OK
Date: Sat, 18 May 2024 06:10:15 GMT
Content-Type: application/json
Transfer-Encoding: chunked
Connection: keep-alive
Access-Control-Allow-Origin: *
Access-Control-Allow-Methods: GET, POST, DELETE, PUT
Access-Control-Allow-Headers: Content-Type, api_key, Authorization
Server: Jetty(9.2.9.v20150224)

{
    "code": 200,
    "type": "unknown",
    "message": "kasey.shanahan"
}
]]></system-out>
  </testcase>
</testsuite>