<?xml version="1.0" encoding="UTF-8"?>
<testng-results ignored="0" total="1" passed="1" failed="0" skipped="0">
  <reporter-output>
  </reporter-output>
  <suite started-at="2024-05-19T01:42:26 IST" name="Default suite" finished-at="2024-05-19T01:42:27 IST" duration-ms="1049">
    <groups>
    </groups>
    <test started-at="2024-05-19T01:42:26 IST" name="Default test" finished-at="2024-05-19T01:42:27 IST" duration-ms="1049">
      <class name="api.test.CookiesDemo">
        <test-method signature="getCookies()[pri:0, instance:api.test.CookiesDemo@1bb5a082]" started-at="2024-05-19T01:42:26 IST" name="getCookies" finished-at="2024-05-19T01:42:27 IST" duration-ms="1003" status="PASS">
          <reporter-output>
          </reporter-output>
        </test-method> <!-- getCookies -->
      </class> <!-- api.test.CookiesDemo -->
    </test> <!-- Default test -->
  </suite> <!-- Default suite -->
</testng-results>
